<?xml version="1.0" encoding="UTF-8"?>
<testsuite name="com.runner.Runner" time="0.081" tests="5" errors="0" skipped="0" failures="0">
  <properties>
[...]
</properties>
  <testcase name="Given user is on the login page" classname="Scenario: Valide Login" time="0.081"/>
  <testcase name="When user varifies page title" classname="Scenario: Valide Login" time="0"/>
  <testcase name="Then user enters username and password" classname="Scenario: Valide Login" time="0"/>
  <testcase name="Then user clicks on login" classname="Scenario: Valide Login" time="0"/>
  <testcase name="Scenario: Valide Login" classname="Scenario: Valide Login" time="0"/>
</testsuite>